<?xml version="1.0" encoding="UTF-8"?>
<testng-results skipped="0" failed="3" ignored="0" total="9" passed="6">
  <reporter-output>
  </reporter-output>
  <suite name="Suite" duration-ms="92934" started-at="2020-08-07T09:25:22 EDT" finished-at="2020-08-07T09:26:55 EDT">
    <groups>
    </groups>
    <test name="CleanBee" duration-ms="92934" started-at="2020-08-07T09:25:22 EDT" finished-at="2020-08-07T09:26:55 EDT">
      <class name="Project.CleanBee.LandingTest">
        <test-method status="PASS" signature="InvokeBrowser()[pri:0, instance:Project.CleanBee.LandingTest@654f0d9c]" name="InvokeBrowser" is-config="true" duration-ms="8051" started-at="2020-08-07T09:25:22 EDT" finished-at="2020-08-07T09:25:30 EDT">
          <reporter-output>
          </reporter-output>
        </test-method> <!-- InvokeBrowser -->
        <test-method status="FAIL" signature="Cleaner(java.lang.String, java.lang.String, java.lang.String, java.lang.String, java.lang.String)[pri:0, instance:Project.CleanBee.LandingTest@654f0d9c]" name="Cleaner" duration-ms="3381" started-at="2020-08-07T09:25:30 EDT" data-provider="getDataCleaner" finished-at="2020-08-07T09:25:34 EDT">
          <params>
            <param index="0">
              <value>
                <![CDATA[Wayne]]>
              </value>
            </param>
            <param index="1">
              <value>
                <![CDATA[Rooney]]>
              </value>
            </param>
            <param index="2">
              <value>
                <![CDATA[3shrekballer@gmail.com]]>
              </value>
            </param>
            <param index="3">
              <value>
                <![CDATA[4111111111]]>
              </value>
            </param>
            <param index="4">
              <value>
                <![CDATA[Beginner]]>
              </value>
            </param>
          </params>
          <exception class="org.openqa.selenium.TimeoutException">
            <message>
              <![CDATA[Expected condition failed: waiting for alert to be present (tried for 2 second(s) with 500 milliseconds interval)
Build info: version: '4.0.0-alpha-4', revision: 'c2d955b49e'
System info: host: 'DELL-PC', ip: '192.168.12.106', os.name: 'Windows 10', os.arch: 'amd64', os.version: '10.0', java.version: '1.8.0_251'
Driver info: org.openqa.selenium.firefox.FirefoxDriver
Capabilities {acceptInsecureCerts: true, browserName: firefox, browserVersion: 76.0.1, javascriptEnabled: true, moz:accessibilityChecks: false, moz:buildID: 20200507114007, moz:geckodriverVersion: 0.26.0, moz:headless: false, moz:processID: 7412, moz:profile: C:\Users\Harmilap\AppData\L..., moz:shutdownTimeout: 60000, moz:useNonSpecCompliantPointerOrigin: false, moz:webdriverClick: true, pageLoadStrategy: normal, platform: WINDOWS, platformName: WINDOWS, platformVersion: 10.0, rotatable: false, setWindowRect: true, strictFileInteractability: false, timeouts: {implicit: 0, pageLoad: 300000, script: 30000}, unhandledPromptBehavior: dismiss and notify}
Session ID: 3337137a-4237-4fc5-87d1-12c85365bf96]]>
            </message>
            <full-stacktrace>
              <![CDATA[org.openqa.selenium.TimeoutException: Expected condition failed: waiting for alert to be present (tried for 2 second(s) with 500 milliseconds interval)
Build info: version: '4.0.0-alpha-4', revision: 'c2d955b49e'
System info: host: 'DELL-PC', ip: '192.168.12.106', os.name: 'Windows 10', os.arch: 'amd64', os.version: '10.0', java.version: '1.8.0_251'
Driver info: org.openqa.selenium.firefox.FirefoxDriver
Capabilities {acceptInsecureCerts: true, browserName: firefox, browserVersion: 76.0.1, javascriptEnabled: true, moz:accessibilityChecks: false, moz:buildID: 20200507114007, moz:geckodriverVersion: 0.26.0, moz:headless: false, moz:processID: 7412, moz:profile: C:\Users\Harmilap\AppData\L..., moz:shutdownTimeout: 60000, moz:useNonSpecCompliantPointerOrigin: false, moz:webdriverClick: true, pageLoadStrategy: normal, platform: WINDOWS, platformName: WINDOWS, platformVersion: 10.0, rotatable: false, setWindowRect: true, strictFileInteractability: false, timeouts: {implicit: 0, pageLoad: 300000, script: 30000}, unhandledPromptBehavior: dismiss and notify}
Session ID: 3337137a-4237-4fc5-87d1-12c85365bf96
at org.openqa.selenium.support.ui.WebDriverWait.timeoutException(WebDriverWait.java:138)
at org.openqa.selenium.support.ui.FluentWait.until(FluentWait.java:234)
at Project.CleanBee.LandingTest.Cleaner(LandingTest.java:60)
at sun.reflect.NativeMethodAccessorImpl.invoke0(Native Method)
at sun.reflect.NativeMethodAccessorImpl.invoke(Unknown Source)
at sun.reflect.DelegatingMethodAccessorImpl.invoke(Unknown Source)
at java.lang.reflect.Method.invoke(Unknown Source)
at org.testng.internal.MethodInvocationHelper.invokeMethod(MethodInvocationHelper.java:132)
at org.testng.internal.TestInvoker.invokeMethod(TestInvoker.java:599)
at org.testng.internal.TestInvoker.invokeTestMethod(TestInvoker.java:174)
at org.testng.internal.MethodRunner.runInSequence(MethodRunner.java:46)
at org.testng.internal.TestInvoker$MethodInvocationAgent.invoke(TestInvoker.java:822)
at org.testng.internal.TestInvoker.invokeTestMethods(TestInvoker.java:147)
at org.testng.internal.TestMethodWorker.invokeTestMethods(TestMethodWorker.java:146)
at org.testng.internal.TestMethodWorker.run(TestMethodWorker.java:128)
at java.util.ArrayList.forEach(Unknown Source)
at org.testng.TestRunner.privateRun(TestRunner.java:764)
at org.testng.TestRunner.run(TestRunner.java:585)
at org.testng.SuiteRunner.runTest(SuiteRunner.java:384)
at org.testng.SuiteRunner.runSequentially(SuiteRunner.java:378)
at org.testng.SuiteRunner.privateRun(SuiteRunner.java:337)
at org.testng.SuiteRunner.run(SuiteRunner.java:286)
at org.testng.SuiteRunnerWorker.runSuite(SuiteRunnerWorker.java:53)
at org.testng.SuiteRunnerWorker.run(SuiteRunnerWorker.java:96)
at org.testng.TestNG.runSuitesSequentially(TestNG.java:1218)
at org.testng.TestNG.runSuitesLocally(TestNG.java:1140)
at org.testng.TestNG.runSuites(TestNG.java:1069)
at org.testng.TestNG.run(TestNG.java:1037)
at org.testng.remote.AbstractRemoteTestNG.run(AbstractRemoteTestNG.java:115)
at org.testng.remote.RemoteTestNG.initAndRun(RemoteTestNG.java:251)
at org.testng.remote.RemoteTestNG.main(RemoteTestNG.java:77)
]]>
            </full-stacktrace>
          </exception> <!-- org.openqa.selenium.TimeoutException -->
          <reporter-output>
          </reporter-output>
        </test-method> <!-- Cleaner -->
        <test-method status="PASS" signature="tearDown()[pri:0, instance:Project.CleanBee.LandingTest@654f0d9c]" name="tearDown" is-config="true" duration-ms="1520" started-at="2020-08-07T09:25:35 EDT" finished-at="2020-08-07T09:25:36 EDT">
          <reporter-output>
          </reporter-output>
        </test-method> <!-- tearDown -->
        <test-method status="PASS" signature="InvokeBrowser()[pri:0, instance:Project.CleanBee.LandingTest@654f0d9c]" name="InvokeBrowser" is-config="true" duration-ms="6256" started-at="2020-08-07T09:25:36 EDT" finished-at="2020-08-07T09:25:42 EDT">
          <reporter-output>
          </reporter-output>
        </test-method> <!-- InvokeBrowser -->
        <test-method status="FAIL" signature="Cleaner(java.lang.String, java.lang.String, java.lang.String, java.lang.String, java.lang.String)[pri:0, instance:Project.CleanBee.LandingTest@654f0d9c]" name="Cleaner" duration-ms="3327" started-at="2020-08-07T09:25:42 EDT" data-provider="getDataCleaner" finished-at="2020-08-07T09:25:46 EDT">
          <params>
            <param index="0">
              <value>
                <![CDATA[Alex]]>
              </value>
            </param>
            <param index="1">
              <value>
                <![CDATA[Ferguson]]>
              </value>
            </param>
            <param index="2">
              <value>
                <![CDATA[3rednoserei2ndeer@gmail.com]]>
              </value>
            </param>
            <param index="3">
              <value>
                <![CDATA[5111111121]]>
              </value>
            </param>
            <param index="4">
              <value>
                <![CDATA[Intermediate]]>
              </value>
            </param>
          </params>
          <exception class="org.openqa.selenium.TimeoutException">
            <message>
              <![CDATA[Expected condition failed: waiting for alert to be present (tried for 2 second(s) with 500 milliseconds interval)
Build info: version: '4.0.0-alpha-4', revision: 'c2d955b49e'
System info: host: 'DELL-PC', ip: '192.168.12.106', os.name: 'Windows 10', os.arch: 'amd64', os.version: '10.0', java.version: '1.8.0_251'
Driver info: org.openqa.selenium.firefox.FirefoxDriver
Capabilities {acceptInsecureCerts: true, browserName: firefox, browserVersion: 76.0.1, javascriptEnabled: true, moz:accessibilityChecks: false, moz:buildID: 20200507114007, moz:geckodriverVersion: 0.26.0, moz:headless: false, moz:processID: 12164, moz:profile: C:\Users\Harmilap\AppData\L..., moz:shutdownTimeout: 60000, moz:useNonSpecCompliantPointerOrigin: false, moz:webdriverClick: true, pageLoadStrategy: normal, platform: WINDOWS, platformName: WINDOWS, platformVersion: 10.0, rotatable: false, setWindowRect: true, strictFileInteractability: false, timeouts: {implicit: 0, pageLoad: 300000, script: 30000}, unhandledPromptBehavior: dismiss and notify}
Session ID: 0f58a3f2-5912-46df-ae26-029d12880e31]]>
            </message>
            <full-stacktrace>
              <![CDATA[org.openqa.selenium.TimeoutException: Expected condition failed: waiting for alert to be present (tried for 2 second(s) with 500 milliseconds interval)
Build info: version: '4.0.0-alpha-4', revision: 'c2d955b49e'
System info: host: 'DELL-PC', ip: '192.168.12.106', os.name: 'Windows 10', os.arch: 'amd64', os.version: '10.0', java.version: '1.8.0_251'
Driver info: org.openqa.selenium.firefox.FirefoxDriver
Capabilities {acceptInsecureCerts: true, browserName: firefox, browserVersion: 76.0.1, javascriptEnabled: true, moz:accessibilityChecks: false, moz:buildID: 20200507114007, moz:geckodriverVersion: 0.26.0, moz:headless: false, moz:processID: 12164, moz:profile: C:\Users\Harmilap\AppData\L..., moz:shutdownTimeout: 60000, moz:useNonSpecCompliantPointerOrigin: false, moz:webdriverClick: true, pageLoadStrategy: normal, platform: WINDOWS, platformName: WINDOWS, platformVersion: 10.0, rotatable: false, setWindowRect: true, strictFileInteractability: false, timeouts: {implicit: 0, pageLoad: 300000, script: 30000}, unhandledPromptBehavior: dismiss and notify}
Session ID: 0f58a3f2-5912-46df-ae26-029d12880e31
at org.openqa.selenium.support.ui.WebDriverWait.timeoutException(WebDriverWait.java:138)
at org.openqa.selenium.support.ui.FluentWait.until(FluentWait.java:234)
at Project.CleanBee.LandingTest.Cleaner(LandingTest.java:60)
at sun.reflect.NativeMethodAccessorImpl.invoke0(Native Method)
at sun.reflect.NativeMethodAccessorImpl.invoke(Unknown Source)
at sun.reflect.DelegatingMethodAccessorImpl.invoke(Unknown Source)
at java.lang.reflect.Method.invoke(Unknown Source)
at org.testng.internal.MethodInvocationHelper.invokeMethod(MethodInvocationHelper.java:132)
at org.testng.internal.TestInvoker.invokeMethod(TestInvoker.java:599)
at org.testng.internal.TestInvoker.invokeTestMethod(TestInvoker.java:174)
at org.testng.internal.MethodRunner.runInSequence(MethodRunner.java:46)
at org.testng.internal.TestInvoker$MethodInvocationAgent.invoke(TestInvoker.java:822)
at org.testng.internal.TestInvoker.invokeTestMethods(TestInvoker.java:147)
at org.testng.internal.TestMethodWorker.invokeTestMethods(TestMethodWorker.java:146)
at org.testng.internal.TestMethodWorker.run(TestMethodWorker.java:128)
at java.util.ArrayList.forEach(Unknown Source)
at org.testng.TestRunner.privateRun(TestRunner.java:764)
at org.testng.TestRunner.run(TestRunner.java:585)
at org.testng.SuiteRunner.runTest(SuiteRunner.java:384)
at org.testng.SuiteRunner.runSequentially(SuiteRunner.java:378)
at org.testng.SuiteRunner.privateRun(SuiteRunner.java:337)
at org.testng.SuiteRunner.run(SuiteRunner.java:286)
at org.testng.SuiteRunnerWorker.runSuite(SuiteRunnerWorker.java:53)
at org.testng.SuiteRunnerWorker.run(SuiteRunnerWorker.java:96)
at org.testng.TestNG.runSuitesSequentially(TestNG.java:1218)
at org.testng.TestNG.runSuitesLocally(TestNG.java:1140)
at org.testng.TestNG.runSuites(TestNG.java:1069)
at org.testng.TestNG.run(TestNG.java:1037)
at org.testng.remote.AbstractRemoteTestNG.run(AbstractRemoteTestNG.java:115)
at org.testng.remote.RemoteTestNG.initAndRun(RemoteTestNG.java:251)
at org.testng.remote.RemoteTestNG.main(RemoteTestNG.java:77)
]]>
            </full-stacktrace>
          </exception> <!-- org.openqa.selenium.TimeoutException -->
          <reporter-output>
          </reporter-output>
        </test-method> <!-- Cleaner -->
        <test-method status="PASS" signature="tearDown()[pri:0, instance:Project.CleanBee.LandingTest@654f0d9c]" name="tearDown" is-config="true" duration-ms="1631" started-at="2020-08-07T09:25:46 EDT" finished-at="2020-08-07T09:25:48 EDT">
          <reporter-output>
          </reporter-output>
        </test-method> <!-- tearDown -->
        <test-method status="PASS" signature="InvokeBrowser()[pri:0, instance:Project.CleanBee.LandingTest@654f0d9c]" name="InvokeBrowser" is-config="true" duration-ms="5621" started-at="2020-08-07T09:25:48 EDT" finished-at="2020-08-07T09:25:54 EDT">
          <reporter-output>
          </reporter-output>
        </test-method> <!-- InvokeBrowser -->
        <test-method status="FAIL" signature="Cleaner(java.lang.String, java.lang.String, java.lang.String, java.lang.String, java.lang.String)[pri:0, instance:Project.CleanBee.LandingTest@654f0d9c]" name="Cleaner" duration-ms="3246" started-at="2020-08-07T09:25:54 EDT" data-provider="getDataCleaner" finished-at="2020-08-07T09:25:57 EDT">
          <params>
            <param index="0">
              <value>
                <![CDATA[Andy]]>
              </value>
            </param>
            <param index="1">
              <value>
                <![CDATA[Khatter]]>
              </value>
            </param>
            <param index="2">
              <value>
                <![CDATA[3andykhatte3r@yahoo.com]]>
              </value>
            </param>
            <param index="3">
              <value>
                <![CDATA[6111111131]]>
              </value>
            </param>
            <param index="4">
              <value>
                <![CDATA[Mastered]]>
              </value>
            </param>
          </params>
          <exception class="org.openqa.selenium.TimeoutException">
            <message>
              <![CDATA[Expected condition failed: waiting for alert to be present (tried for 2 second(s) with 500 milliseconds interval)
Build info: version: '4.0.0-alpha-4', revision: 'c2d955b49e'
System info: host: 'DELL-PC', ip: '192.168.12.106', os.name: 'Windows 10', os.arch: 'amd64', os.version: '10.0', java.version: '1.8.0_251'
Driver info: org.openqa.selenium.firefox.FirefoxDriver
Capabilities {acceptInsecureCerts: true, browserName: firefox, browserVersion: 76.0.1, javascriptEnabled: true, moz:accessibilityChecks: false, moz:buildID: 20200507114007, moz:geckodriverVersion: 0.26.0, moz:headless: false, moz:processID: 21580, moz:profile: C:\Users\Harmilap\AppData\L..., moz:shutdownTimeout: 60000, moz:useNonSpecCompliantPointerOrigin: false, moz:webdriverClick: true, pageLoadStrategy: normal, platform: WINDOWS, platformName: WINDOWS, platformVersion: 10.0, rotatable: false, setWindowRect: true, strictFileInteractability: false, timeouts: {implicit: 0, pageLoad: 300000, script: 30000}, unhandledPromptBehavior: dismiss and notify}
Session ID: e0c36a63-a6a1-4893-b040-91bd7fcf69de]]>
            </message>
            <full-stacktrace>
              <![CDATA[org.openqa.selenium.TimeoutException: Expected condition failed: waiting for alert to be present (tried for 2 second(s) with 500 milliseconds interval)
Build info: version: '4.0.0-alpha-4', revision: 'c2d955b49e'
System info: host: 'DELL-PC', ip: '192.168.12.106', os.name: 'Windows 10', os.arch: 'amd64', os.version: '10.0', java.version: '1.8.0_251'
Driver info: org.openqa.selenium.firefox.FirefoxDriver
Capabilities {acceptInsecureCerts: true, browserName: firefox, browserVersion: 76.0.1, javascriptEnabled: true, moz:accessibilityChecks: false, moz:buildID: 20200507114007, moz:geckodriverVersion: 0.26.0, moz:headless: false, moz:processID: 21580, moz:profile: C:\Users\Harmilap\AppData\L..., moz:shutdownTimeout: 60000, moz:useNonSpecCompliantPointerOrigin: false, moz:webdriverClick: true, pageLoadStrategy: normal, platform: WINDOWS, platformName: WINDOWS, platformVersion: 10.0, rotatable: false, setWindowRect: true, strictFileInteractability: false, timeouts: {implicit: 0, pageLoad: 300000, script: 30000}, unhandledPromptBehavior: dismiss and notify}
Session ID: e0c36a63-a6a1-4893-b040-91bd7fcf69de
at org.openqa.selenium.support.ui.WebDriverWait.timeoutException(WebDriverWait.java:138)
at org.openqa.selenium.support.ui.FluentWait.until(FluentWait.java:234)
at Project.CleanBee.LandingTest.Cleaner(LandingTest.java:60)
at sun.reflect.NativeMethodAccessorImpl.invoke0(Native Method)
at sun.reflect.NativeMethodAccessorImpl.invoke(Unknown Source)
at sun.reflect.DelegatingMethodAccessorImpl.invoke(Unknown Source)
at java.lang.reflect.Method.invoke(Unknown Source)
at org.testng.internal.MethodInvocationHelper.invokeMethod(MethodInvocationHelper.java:132)
at org.testng.internal.TestInvoker.invokeMethod(TestInvoker.java:599)
at org.testng.internal.TestInvoker.invokeTestMethod(TestInvoker.java:174)
at org.testng.internal.MethodRunner.runInSequence(MethodRunner.java:46)
at org.testng.internal.TestInvoker$MethodInvocationAgent.invoke(TestInvoker.java:822)
at org.testng.internal.TestInvoker.invokeTestMethods(TestInvoker.java:147)
at org.testng.internal.TestMethodWorker.invokeTestMethods(TestMethodWorker.java:146)
at org.testng.internal.TestMethodWorker.run(TestMethodWorker.java:128)
at java.util.ArrayList.forEach(Unknown Source)
at org.testng.TestRunner.privateRun(TestRunner.java:764)
at org.testng.TestRunner.run(TestRunner.java:585)
at org.testng.SuiteRunner.runTest(SuiteRunner.java:384)
at org.testng.SuiteRunner.runSequentially(SuiteRunner.java:378)
at org.testng.SuiteRunner.privateRun(SuiteRunner.java:337)
at org.testng.SuiteRunner.run(SuiteRunner.java:286)
at org.testng.SuiteRunnerWorker.runSuite(SuiteRunnerWorker.java:53)
at org.testng.SuiteRunnerWorker.run(SuiteRunnerWorker.java:96)
at org.testng.TestNG.runSuitesSequentially(TestNG.java:1218)
at org.testng.TestNG.runSuitesLocally(TestNG.java:1140)
at org.testng.TestNG.runSuites(TestNG.java:1069)
at org.testng.TestNG.run(TestNG.java:1037)
at org.testng.remote.AbstractRemoteTestNG.run(AbstractRemoteTestNG.java:115)
at org.testng.remote.RemoteTestNG.initAndRun(RemoteTestNG.java:251)
at org.testng.remote.RemoteTestNG.main(RemoteTestNG.java:77)
]]>
            </full-stacktrace>
          </exception> <!-- org.openqa.selenium.TimeoutException -->
          <reporter-output>
          </reporter-output>
        </test-method> <!-- Cleaner -->
        <test-method status="PASS" signature="tearDown()[pri:0, instance:Project.CleanBee.LandingTest@654f0d9c]" name="tearDown" is-config="true" duration-ms="1620" started-at="2020-08-07T09:25:58 EDT" finished-at="2020-08-07T09:25:59 EDT">
          <reporter-output>
          </reporter-output>
        </test-method> <!-- tearDown -->
        <test-method status="PASS" signature="InvokeBrowser()[pri:0, instance:Project.CleanBee.LandingTest@654f0d9c]" name="InvokeBrowser" is-config="true" duration-ms="6260" started-at="2020-08-07T09:25:59 EDT" finished-at="2020-08-07T09:26:06 EDT">
          <reporter-output>
          </reporter-output>
        </test-method> <!-- InvokeBrowser -->
        <test-method status="PASS" signature="ContactUs()[pri:0, instance:Project.CleanBee.LandingTest@654f0d9c]" name="ContactUs" duration-ms="848" started-at="2020-08-07T09:26:06 EDT" finished-at="2020-08-07T09:26:06 EDT">
          <reporter-output>
          </reporter-output>
        </test-method> <!-- ContactUs -->
        <test-method status="PASS" signature="tearDown()[pri:0, instance:Project.CleanBee.LandingTest@654f0d9c]" name="tearDown" is-config="true" duration-ms="1517" started-at="2020-08-07T09:26:06 EDT" finished-at="2020-08-07T09:26:08 EDT">
          <reporter-output>
          </reporter-output>
        </test-method> <!-- tearDown -->
        <test-method status="PASS" signature="InvokeBrowser()[pri:0, instance:Project.CleanBee.LandingTest@654f0d9c]" name="InvokeBrowser" is-config="true" duration-ms="6104" started-at="2020-08-07T09:26:08 EDT" finished-at="2020-08-07T09:26:14 EDT">
          <reporter-output>
          </reporter-output>
        </test-method> <!-- InvokeBrowser -->
        <test-method status="PASS" signature="HomeOwner(java.lang.String, java.lang.String, java.lang.String, java.lang.String, java.lang.String)[pri:0, instance:Project.CleanBee.LandingTest@654f0d9c]" name="HomeOwner" duration-ms="1166" started-at="2020-08-07T09:26:14 EDT" data-provider="getDataHomeOwner" finished-at="2020-08-07T09:26:15 EDT">
          <params>
            <param index="0">
              <value>
                <![CDATA[Harmilap]]>
              </value>
            </param>
            <param index="1">
              <value>
                <![CDATA[Sandhu]]>
              </value>
            </param>
            <param index="2">
              <value>
                <![CDATA[harmil43sandhu@gmail.com]]>
              </value>
            </param>
            <param index="3">
              <value>
                <![CDATA[2111156131]]>
              </value>
            </param>
            <param index="4">
              <value>
                <![CDATA[condo]]>
              </value>
            </param>
          </params>
          <reporter-output>
          </reporter-output>
        </test-method> <!-- HomeOwner -->
        <test-method status="PASS" signature="tearDown()[pri:0, instance:Project.CleanBee.LandingTest@654f0d9c]" name="tearDown" is-config="true" duration-ms="1610" started-at="2020-08-07T09:26:15 EDT" finished-at="2020-08-07T09:26:17 EDT">
          <reporter-output>
          </reporter-output>
        </test-method> <!-- tearDown -->
        <test-method status="PASS" signature="InvokeBrowser()[pri:0, instance:Project.CleanBee.LandingTest@654f0d9c]" name="InvokeBrowser" is-config="true" duration-ms="6691" started-at="2020-08-07T09:26:17 EDT" finished-at="2020-08-07T09:26:24 EDT">
          <reporter-output>
          </reporter-output>
        </test-method> <!-- InvokeBrowser -->
        <test-method status="PASS" signature="HomeOwner(java.lang.String, java.lang.String, java.lang.String, java.lang.String, java.lang.String)[pri:0, instance:Project.CleanBee.LandingTest@654f0d9c]" name="HomeOwner" duration-ms="1166" started-at="2020-08-07T09:26:24 EDT" data-provider="getDataHomeOwner" finished-at="2020-08-07T09:26:25 EDT">
          <params>
            <param index="0">
              <value>
                <![CDATA[Bandhanjeet]]>
              </value>
            </param>
            <param index="1">
              <value>
                <![CDATA[Sidhu]]>
              </value>
            </param>
            <param index="2">
              <value>
                <![CDATA[2sid34bandhanjeet@gmail.com]]>
              </value>
            </param>
            <param index="3">
              <value>
                <![CDATA[3111231111]]>
              </value>
            </param>
            <param index="4">
              <value>
                <![CDATA[house]]>
              </value>
            </param>
          </params>
          <reporter-output>
          </reporter-output>
        </test-method> <!-- HomeOwner -->
        <test-method status="PASS" signature="tearDown()[pri:0, instance:Project.CleanBee.LandingTest@654f0d9c]" name="tearDown" is-config="true" duration-ms="1985" started-at="2020-08-07T09:26:25 EDT" finished-at="2020-08-07T09:26:27 EDT">
          <reporter-output>
          </reporter-output>
        </test-method> <!-- tearDown -->
        <test-method status="PASS" signature="InvokeBrowser()[pri:0, instance:Project.CleanBee.LandingTest@654f0d9c]" name="InvokeBrowser" is-config="true" duration-ms="6765" started-at="2020-08-07T09:26:27 EDT" finished-at="2020-08-07T09:26:33 EDT">
          <reporter-output>
          </reporter-output>
        </test-method> <!-- InvokeBrowser -->
        <test-method status="PASS" signature="HomeOwner(java.lang.String, java.lang.String, java.lang.String, java.lang.String, java.lang.String)[pri:0, instance:Project.CleanBee.LandingTest@654f0d9c]" name="HomeOwner" duration-ms="1279" started-at="2020-08-07T09:26:33 EDT" data-provider="getDataHomeOwner" finished-at="2020-08-07T09:26:35 EDT">
          <params>
            <param index="0">
              <value>
                <![CDATA[Andy]]>
              </value>
            </param>
            <param index="1">
              <value>
                <![CDATA[Khatter]]>
              </value>
            </param>
            <param index="2">
              <value>
                <![CDATA[2and23hatter@yahoo.com]]>
              </value>
            </param>
            <param index="3">
              <value>
                <![CDATA[4111451111]]>
              </value>
            </param>
            <param index="4">
              <value>
                <![CDATA[condo]]>
              </value>
            </param>
          </params>
          <reporter-output>
          </reporter-output>
        </test-method> <!-- HomeOwner -->
        <test-method status="PASS" signature="tearDown()[pri:0, instance:Project.CleanBee.LandingTest@654f0d9c]" name="tearDown" is-config="true" duration-ms="1853" started-at="2020-08-07T09:26:35 EDT" finished-at="2020-08-07T09:26:37 EDT">
          <reporter-output>
          </reporter-output>
        </test-method> <!-- tearDown -->
        <test-method status="PASS" signature="InvokeBrowser()[pri:0, instance:Project.CleanBee.LandingTest@654f0d9c]" name="InvokeBrowser" is-config="true" duration-ms="6332" started-at="2020-08-07T09:26:37 EDT" finished-at="2020-08-07T09:26:43 EDT">
          <reporter-output>
          </reporter-output>
        </test-method> <!-- InvokeBrowser -->
        <test-method status="PASS" signature="Privacy()[pri:0, instance:Project.CleanBee.LandingTest@654f0d9c]" name="Privacy" duration-ms="376" started-at="2020-08-07T09:26:43 EDT" finished-at="2020-08-07T09:26:43 EDT">
          <reporter-output>
          </reporter-output>
        </test-method> <!-- Privacy -->
        <test-method status="PASS" signature="tearDown()[pri:0, instance:Project.CleanBee.LandingTest@654f0d9c]" name="tearDown" is-config="true" duration-ms="2323" started-at="2020-08-07T09:26:43 EDT" finished-at="2020-08-07T09:26:46 EDT">
          <reporter-output>
          </reporter-output>
        </test-method> <!-- tearDown -->
        <test-method status="PASS" signature="InvokeBrowser()[pri:0, instance:Project.CleanBee.LandingTest@654f0d9c]" name="InvokeBrowser" is-config="true" duration-ms="6738" started-at="2020-08-07T09:26:46 EDT" finished-at="2020-08-07T09:26:52 EDT">
          <reporter-output>
          </reporter-output>
        </test-method> <!-- InvokeBrowser -->
        <test-method status="PASS" signature="Terms()[pri:0, instance:Project.CleanBee.LandingTest@654f0d9c]" name="Terms" duration-ms="410" started-at="2020-08-07T09:26:52 EDT" finished-at="2020-08-07T09:26:53 EDT">
          <reporter-output>
          </reporter-output>
        </test-method> <!-- Terms -->
        <test-method status="PASS" signature="tearDown()[pri:0, instance:Project.CleanBee.LandingTest@654f0d9c]" name="tearDown" is-config="true" duration-ms="2250" started-at="2020-08-07T09:26:53 EDT" finished-at="2020-08-07T09:26:55 EDT">
          <reporter-output>
          </reporter-output>
        </test-method> <!-- tearDown -->
      </class> <!-- Project.CleanBee.LandingTest -->
    </test> <!-- CleanBee -->
  </suite> <!-- Suite -->
</testng-results>
